23-09-11 15:46:43 warn: master 41590 is running
23-09-11 15:49:13 warn: master 41648 is running
23-09-11 15:49:24 warn: master 41667 is running
23-09-11 15:49:31 warn: master 41685 is running
23-09-11 15:49:51 warn: master 41703 is running
23-09-11 15:50:20 warn: master 41725 is running
23-09-11 15:50:46 warn: master 41751 is running
23-09-11 15:51:08 warn: master 41785 is running
23-09-11 15:53:50 warn: master 41850 is running
23-09-11 15:53:57 warn: master 41870 is running
23-09-11 15:56:44 warn: master 41918 is running
23-09-11 15:56:52 warn: master 41935 is running
23-09-11 16:00:54 warn: master 42022 is running
23-09-11 17:18:37 warn: master 43233 is running, numCPUs 2
23-09-11 17:18:37 info: forking process number 0...
23-09-11 17:18:37 info: forking process number 1...
23-09-11 17:56:34 warn: master 43927 is running, numCPUs 2
23-09-11 17:56:34 info: forking process number 0...
23-09-11 17:56:34 info: forking process number 1...
23-09-11 17:57:52 warn: master 43979 is running, numCPUs 2
23-09-11 17:57:52 info: forking process number 0...
23-09-11 17:57:52 info: forking process number 1...
23-09-11 17:57:52 info: Worker is online
23-09-11 17:57:52 info: Worker is online
23-09-11 17:58:11 warn: master 44001 is running, numCPUs 2
23-09-11 17:58:11 info: forking process number 0...
23-09-11 17:58:11 info: forking process number 1...
23-09-11 17:58:11 info: Worker is online
23-09-11 17:58:11 info: Worker is online
23-09-11 17:59:00 warn: master 44035 is running, numCPUs 2
23-09-11 17:59:00 info: forking process number 0...
23-09-11 17:59:00 info: forking process number 1...
23-09-11 17:59:00 info: Worker is online
23-09-11 17:59:00 info: Worker is online
23-09-11 18:00:41 warn: master 44081 is running, numCPUs 2
23-09-11 18:00:41 info: forking process number 0...
23-09-11 18:00:41 info: forking process number 1...
23-09-11 18:00:41 info: Worker is online
23-09-11 18:00:41 info: Worker is online
23-09-11 18:21:40 warn: master 44371 is running, numCPUs 2
23-09-11 18:21:40 info: forking process number 0...
23-09-11 18:21:40 info: forking process number 1...
23-09-11 18:21:40 info: Worker is online
23-09-11 18:21:40 info: Worker is online
23-09-11 18:22:45 warn: master 44428 is running, numCPUs 2
23-09-11 18:22:45 info: forking process number 0...
23-09-11 18:22:45 info: forking process number 1...
23-09-11 18:22:45 info: Worker is online
23-09-11 18:22:45 info: Worker is online
23-09-11 22:18:15 warn: master 47367 is running, numCPUs 2
23-09-11 22:18:15 warn: worker 47368 died, fork another worker
23-09-11 22:18:15 warn: worker 47369 died, fork another worker
23-09-11 22:18:15 warn: worker 47370 died, fork another worker
23-09-11 22:18:15 warn: worker 47371 died, fork another worker
23-09-11 22:18:15 warn: worker 47373 died, fork another worker
23-09-11 22:18:15 warn: worker 47372 died, fork another worker
23-09-11 22:18:15 warn: worker 47375 died, fork another worker
23-09-11 22:18:15 warn: worker 47374 died, fork another worker
23-09-11 22:18:16 warn: worker 47377 died, fork another worker
23-09-11 22:18:16 warn: worker 47376 died, fork another worker
23-09-11 22:18:16 warn: worker 47378 died, fork another worker
23-09-11 22:18:16 warn: worker 47379 died, fork another worker
23-09-11 22:18:16 warn: worker 47380 died, fork another worker
23-09-11 22:18:16 warn: worker 47381 died, fork another worker
23-09-11 22:18:16 warn: worker 47383 died, fork another worker
23-09-11 22:18:16 warn: worker 47382 died, fork another worker
23-09-11 22:18:16 warn: worker 47384 died, fork another worker
23-09-11 22:18:16 warn: worker 47385 died, fork another worker
23-09-11 22:18:16 warn: worker 47386 died, fork another worker
23-09-11 22:18:16 warn: worker 47387 died, fork another worker
23-09-11 22:18:16 warn: worker 47388 died, fork another worker
23-09-11 22:18:16 warn: worker 47389 died, fork another worker
23-09-11 22:18:16 warn: worker 47390 died, fork another worker
23-09-11 22:18:16 warn: worker 47391 died, fork another worker
23-09-11 22:18:16 warn: worker 47393 died, fork another worker
23-09-11 22:18:16 warn: worker 47392 died, fork another worker
23-09-11 22:18:17 warn: worker 47395 died, fork another worker
23-09-11 22:18:17 warn: worker 47394 died, fork another worker
23-09-11 22:18:17 warn: worker 47396 died, fork another worker
23-09-11 22:18:17 warn: worker 47397 died, fork another worker
23-09-11 22:18:17 warn: worker 47398 died, fork another worker
23-09-11 22:18:17 warn: worker 47399 died, fork another worker
23-09-11 22:18:17 warn: worker 47400 died, fork another worker
23-09-11 22:18:17 warn: worker 47401 died, fork another worker
23-09-11 22:18:29 warn: master 47423 is running, numCPUs 2
23-09-11 22:48:04 warn: master 47889 is running, numCPUs 2
